0 info it worked if it ends with ok
1 verbose cli [ '/usr/local/bin/node',
1 verbose cli   '/usr/local/bin/npm',
1 verbose cli   'run',
1 verbose cli   'webpack-watch' ]
2 info using npm@3.9.5
3 info using node@v5.8.0
4 verbose run-script [ 'prewebpack-watch', 'webpack-watch', 'postwebpack-watch' ]
5 info lifecycle rails-react-boilerplate@1.0.0~prewebpack-watch: rails-react-boilerplate@1.0.0
6 silly lifecycle rails-react-boilerplate@1.0.0~prewebpack-watch: no script for prewebpack-watch, continuing
7 info lifecycle rails-react-boilerplate@1.0.0~webpack-watch: rails-react-boilerplate@1.0.0
8 verbose lifecycle rails-react-boilerplate@1.0.0~webpack-watch: unsafe-perm in lifecycle true
9 verbose lifecycle rails-react-boilerplate@1.0.0~webpack-watch: PATH: /usr/local/lib/node_modules/npm/bin/node-gyp-bin:/Users/apprentice/Desktop/rails-react-boilerplate/node_modules/.bin:/usr/local/bin:/Users/apprentice/.rvm/gems/ruby-2.3.1/bin:/Users/apprentice/.rvm/gems/ruby-2.3.1@global/bin:/Users/apprentice/.rvm/rubies/ruby-2.3.1/bin:/Users/apprentice/.rvm/bin:/Library/Frameworks/Python.framework/Versions/2.7/bin:/Library/Frameworks/Python.framework/Versions/2.7/bin:/Users/apprentice/.uf/bin:/usr/local/bin:/usr/local/bin:/usr/bin:/bin:/usr/sbin:/sbin:/opt/X11/bin
10 verbose lifecycle rails-react-boilerplate@1.0.0~webpack-watch: CWD: /Users/apprentice/Desktop/rails-react-boilerplate
11 silly lifecycle rails-react-boilerplate@1.0.0~webpack-watch: Args: [ '-c',
11 silly lifecycle   './node_modules/webpack/bin/webpack.js --progress --colors --watch' ]
12 silly lifecycle rails-react-boilerplate@1.0.0~webpack-watch: Returned: code: 1  signal: null
13 info lifecycle rails-react-boilerplate@1.0.0~webpack-watch: Failed to exec webpack-watch script
14 verbose stack Error: rails-react-boilerplate@1.0.0 webpack-watch: `./node_modules/webpack/bin/webpack.js --progress --colors --watch`
14 verbose stack Exit status 1
14 verbose stack     at EventEmitter.<anonymous> (/usr/local/lib/node_modules/npm/lib/utils/lifecycle.js:245:16)
14 verbose stack     at emitTwo (events.js:100:13)
14 verbose stack     at EventEmitter.emit (events.js:185:7)
14 verbose stack     at ChildProcess.<anonymous> (/usr/local/lib/node_modules/npm/lib/utils/spawn.js:24:14)
14 verbose stack     at emitTwo (events.js:100:13)
14 verbose stack     at ChildProcess.emit (events.js:185:7)
14 verbose stack     at maybeClose (internal/child_process.js:850:16)
14 verbose stack     at Process.ChildProcess._handle.onexit (internal/child_process.js:215:5)
15 verbose pkgid rails-react-boilerplate@1.0.0
16 verbose cwd /Users/apprentice/Desktop/rails-react-boilerplate
17 error Darwin 14.5.0
18 error argv "/usr/local/bin/node" "/usr/local/bin/npm" "run" "webpack-watch"
19 error node v5.8.0
20 error npm  v3.9.5
21 error code ELIFECYCLE
22 error rails-react-boilerplate@1.0.0 webpack-watch: `./node_modules/webpack/bin/webpack.js --progress --colors --watch`
22 error Exit status 1
23 error Failed at the rails-react-boilerplate@1.0.0 webpack-watch script './node_modules/webpack/bin/webpack.js --progress --colors --watch'.
23 error Make sure you have the latest version of node.js and npm installed.
23 error If you do, this is most likely a problem with the rails-react-boilerplate package,
23 error not with npm itself.
23 error Tell the author that this fails on your system:
23 error     ./node_modules/webpack/bin/webpack.js --progress --colors --watch
23 error You can get information on how to open an issue for this project with:
23 error     npm bugs rails-react-boilerplate
23 error Or if that isn't available, you can get their info via:
23 error     npm owner ls rails-react-boilerplate
23 error There is likely additional logging output above.
24 verbose exit [ 1, true ]
